2020-11-12 17:11:00,769 DEBUG Generated plugins in 0.003374000 seconds
2020-11-12 17:11:00,789 DEBUG Calling createProperty on class org.apache.logging.log4j.core.config.Property for element property with params(name="filename", value="target/rolling1/rollingtest-${sd:type}.log")
2020-11-12 17:11:00,792 DEBUG Calling configureSubstitutor on class org.apache.logging.log4j.core.config.PropertiesPlugin for element properties with params(properties={filename=target/rolling1/rollingtest-${sd:type}.log})
2020-11-12 17:11:00,794 DEBUG Generated plugins in 0.001362000 seconds
2020-11-12 17:11:00,797 DEBUG Calling createFilter on class org.apache.logging.log4j.core.filter.ThresholdFilter for element ThresholdFilter with params(level="debug", onMatch="null", onMismatch="null")
2020-11-12 17:11:00,800 DEBUG Calling createLayout on class org.apache.logging.log4j.core.layout.PatternLayout for element PatternLayout with params(pattern="%m%n", Configuration(RoutingTest), null, charset="null")
2020-11-12 17:11:00,802 DEBUG Generated plugins in 0.001349000 seconds
2020-11-12 17:11:00,804 DEBUG Calling createAppender on class org.apache.logging.log4j.core.appender.ConsoleAppender for element Console with params(PatternLayout(%m%n), null, target="null", name="STDOUT", ignoreExceptions="null")
2020-11-12 17:11:00,804 DEBUG Calling createFilter on class org.apache.logging.log4j.core.filter.ThresholdFilter for element ThresholdFilter with params(level="debug", onMatch="null", onMismatch="null")
2020-11-12 17:11:00,813 DEBUG Calling createRoute on class org.apache.logging.log4j.core.appender.routing.Route for element Route with params(AppenderRef="null", key="null", Node=Route)
2020-11-12 17:11:00,812 DEBUG Calling createRoute on class org.apache.logging.log4j.core.appender.routing.Route for element Route with params(AppenderRef="STDOUT", key="Audit", Node=Route)
2020-11-12 17:11:00,825 DEBUG Calling createRoutes on class org.apache.logging.log4j.core.appender.routing.Routes for element Routes with params(pattern="${sd:type}", routes={Route(type=dynamic default), Route(type=static Reference=STDOUT key='Audit')})
2020-11-12 17:11:00,827 DEBUG Calling createAppender on class org.apache.logging.log4j.core.appender.routing.RoutingAppender for element Routing with params(name="Routing", ignoreExceptions="null", Routes({Route(type=dynamic default),Route(type=static Reference=STDOUT key='Audit')}), Configuration(RoutingTest), null, null)
2020-11-12 17:11:00,827 DEBUG Calling createAppenders on class org.apache.logging.log4j.core.config.AppendersPlugin for element appenders with params(appenders={STDOUT, Routing})
2020-11-12 17:11:00,828 DEBUG Calling createAppenderRef on class org.apache.logging.log4j.core.config.plugins.AppenderRefPlugin for element AppenderRef with params(ref="Routing")
2020-11-12 17:11:00,829 DEBUG Calling createLogger on class org.apache.logging.log4j.core.config.LoggerConfig for element logger with params(additivity="false", level="info", name="EventLogger", AppenderRef={Routing}, null)
2020-11-12 17:11:00,830 DEBUG Calling createAppenderRef on class org.apache.logging.log4j.core.config.plugins.AppenderRefPlugin for element AppenderRef with params(ref="STDOUT")
2020-11-12 17:11:00,831 DEBUG Calling createLogger on class org.apache.logging.log4j.core.config.LoggerConfig$RootLogger for element root with params(additivity="null", level="error", AppenderRef={STDOUT}, null)
2020-11-12 17:11:00,833 DEBUG Calling createLoggers on class org.apache.logging.log4j.core.config.LoggersPlugin for element loggers with params(loggers={EventLogger, root})
2020-11-12 17:11:00,834 DEBUG Reconfiguration completed
2020-11-12 17:11:00,846 DEBUG Calling createLayout on class org.apache.logging.log4j.core.layout.PatternLayout for element PatternLayout with params(pattern="%d %p %c{1.} [%t] %m%n", Configuration(RoutingTest), null, charset="null")
2020-11-12 17:11:00,849 DEBUG Calling createPolicy on class org.apache.logging.log4j.core.appender.rolling.SizeBasedTriggeringPolicy for element SizeBasedTriggeringPolicy with params(size="500")
2020-11-12 17:11:00,851 DEBUG Calling createAppender on class org.apache.logging.log4j.core.appender.RollingFileAppender for element RollingFile with params(fileName="target/rolling1/rollingtest-Unknown.log", filePattern="target/rolling1/test1-Unknown.%i.log.gz", append="null", name="Rolling-Unknown", bufferedIO="null", immediateFlush="null", SizeBasedTriggeringPolicy(SizeBasedTriggeringPolicy(size=500)), null, PatternLayout(%d %p %c{1.} [%t] %m%n), null, ignoreExceptions="null")
2020-11-12 17:11:00,858 DEBUG Generated plugins in 0.002014000 seconds
2020-11-12 17:11:00,889 DEBUG Reconfiguration started for context sun.misc.Launcher$AppClassLoader@37b90b39
2020-11-12 17:11:00,890 DEBUG Generated plugins in 0.001355000 seconds
2020-11-12 17:11:00,959 DEBUG Generated plugins in 0.001129000 seconds
2020-11-12 17:11:00,961 DEBUG Generated plugins in 0.001197000 seconds
2020-11-12 17:11:00,965 WARN No Loggers were configured, using default
2020-11-12 17:11:00,976 DEBUG Reconfiguration completed
2020-11-12 17:11:00,789 DEBUG Calling createProperty on class org.apache.logging.log4j.core.config.Property for element property with params(name="filename", value="target/rolling1/rollingtest-${sd:type}.log")
2020-11-12 17:11:00,792 DEBUG Calling configureSubstitutor on class org.apache.logging.log4j.core.config.PropertiesPlugin for element properties with params(properties={filename=target/rolling1/rollingtest-${sd:type}.log})
2020-11-12 17:11:00,794 DEBUG Generated plugins in 0.001362000 seconds
2020-11-12 17:11:00,797 DEBUG Calling createFilter on class org.apache.logging.log4j.core.filter.ThresholdFilter for element ThresholdFilter with params(level="debug", onMatch="null", onMismatch="null")
2020-11-12 17:11:00,800 DEBUG Calling createLayout on class org.apache.logging.log4j.core.layout.PatternLayout for element PatternLayout with params(pattern="%m%n", Configuration(RoutingTest), null, charset="null")
2020-11-12 17:11:00,802 DEBUG Generated plugins in 0.001349000 seconds
2020-11-12 17:11:00,804 DEBUG Calling createAppender on class org.apache.logging.log4j.core.appender.ConsoleAppender for element Console with params(PatternLayout(%m%n), null, target="null", name="STDOUT", ignoreExceptions="null")
2020-11-12 17:11:00,804 DEBUG Calling createFilter on class org.apache.logging.log4j.core.filter.ThresholdFilter for element ThresholdFilter with params(level="debug", onMatch="null", onMismatch="null")
2020-11-12 17:11:00,813 DEBUG Calling createRoute on class org.apache.logging.log4j.core.appender.routing.Route for element Route with params(AppenderRef="null", key="null", Node=Route)
2020-11-12 17:11:00,812 DEBUG Calling createRoute on class org.apache.logging.log4j.core.appender.routing.Route for element Route with params(AppenderRef="STDOUT", key="Audit", Node=Route)
2020-11-12 17:11:00,825 DEBUG Calling createRoutes on class org.apache.logging.log4j.core.appender.routing.Routes for element Routes with params(pattern="${sd:type}", routes={Route(type=dynamic default), Route(type=static Reference=STDOUT key='Audit')})
2020-11-12 17:11:00,827 DEBUG Calling createAppender on class org.apache.logging.log4j.core.appender.routing.RoutingAppender for element Routing with params(name="Routing", ignoreExceptions="null", Routes({Route(type=dynamic default),Route(type=static Reference=STDOUT key='Audit')}), Configuration(RoutingTest), null, null)
2020-11-12 17:11:00,827 DEBUG Calling createAppenders on class org.apache.logging.log4j.core.config.AppendersPlugin for element appenders with params(appenders={STDOUT, Routing})
2020-11-12 17:11:00,828 DEBUG Calling createAppenderRef on class org.apache.logging.log4j.core.config.plugins.AppenderRefPlugin for element AppenderRef with params(ref="Routing")
2020-11-12 17:11:00,829 DEBUG Calling createLogger on class org.apache.logging.log4j.core.config.LoggerConfig for element logger with params(additivity="false", level="info", name="EventLogger", AppenderRef={Routing}, null)
2020-11-12 17:11:00,830 DEBUG Calling createAppenderRef on class org.apache.logging.log4j.core.config.plugins.AppenderRefPlugin for element AppenderRef with params(ref="STDOUT")
2020-11-12 17:11:00,831 DEBUG Calling createLogger on class org.apache.logging.log4j.core.config.LoggerConfig$RootLogger for element root with params(additivity="null", level="error", AppenderRef={STDOUT}, null)
2020-11-12 17:11:00,833 DEBUG Calling createLoggers on class org.apache.logging.log4j.core.config.LoggersPlugin for element loggers with params(loggers={EventLogger, root})
2020-11-12 17:11:00,834 DEBUG Reconfiguration completed
2020-11-12 17:11:00,846 DEBUG Calling createLayout on class org.apache.logging.log4j.core.layout.PatternLayout for element PatternLayout with params(pattern="%d %p %c{1.} [%t] %m%n", Configuration(RoutingTest), null, charset="null")
2020-11-12 17:11:00,849 DEBUG Calling createPolicy on class org.apache.logging.log4j.core.appender.rolling.SizeBasedTriggeringPolicy for element SizeBasedTriggeringPolicy with params(size="500")
2020-11-12 17:11:00,851 DEBUG Calling createAppender on class org.apache.logging.log4j.core.appender.RollingFileAppender for element RollingFile with params(fileName="target/rolling1/rollingtest-Unknown.log", filePattern="target/rolling1/test1-Unknown.%i.log.gz", append="null", name="Rolling-Unknown", bufferedIO="null", immediateFlush="null", SizeBasedTriggeringPolicy(SizeBasedTriggeringPolicy(size=500)), null, PatternLayout(%d %p %c{1.} [%t] %m%n), null, ignoreExceptions="null")
2020-11-12 17:11:00,858 DEBUG Generated plugins in 0.002014000 seconds
2020-11-12 17:11:00,889 DEBUG Reconfiguration started for context sun.misc.Launcher$AppClassLoader@37b90b39